D:\vs程序\vs2010\第11章\摄像机标定-opencv论坛\opencv\Debug\cl.command.1.tlog
D:\vs程序\vs2010\第11章\摄像机标定-opencv论坛\opencv\Debug\CL.read.1.tlog
D:\vs程序\vs2010\第11章\摄像机标定-opencv论坛\opencv\Debug\CL.write.1.tlog
D:\vs程序\vs2010\第11章\摄像机标定-opencv论坛\opencv\Debug\link.5468.read.1.tlog
D:\vs程序\vs2010\第11章\摄像机标定-opencv论坛\opencv\Debug\link.5468.write.1.tlog
D:\vs程序\vs2010\第11章\摄像机标定-opencv论坛\opencv\Debug\link.5468-cvtres.read.1.tlog
D:\vs程序\vs2010\第11章\摄像机标定-opencv论坛\opencv\Debug\link.5468-cvtres.write.1.tlog
D:\vs程序\vs2010\第11章\摄像机标定-opencv论坛\opencv\Debug\link.command.1.tlog
D:\vs程序\vs2010\第11章\摄像机标定-opencv论坛\opencv\Debug\link.read.1.tlog
D:\vs程序\vs2010\第11章\摄像机标定-opencv论坛\opencv\Debug\link.write.1.tlog
D:\vs程序\vs2010\第11章\摄像机标定-opencv论坛\opencv\Debug\link-cvtres.read.1.tlog
D:\vs程序\vs2010\第11章\摄像机标定-opencv论坛\opencv\Debug\link-cvtres.write.1.tlog
D:\vs程序\vs2010\第11章\摄像机标定-opencv论坛\opencv\Debug\mt.command.1.tlog
D:\vs程序\vs2010\第11章\摄像机标定-opencv论坛\opencv\Debug\mt.read.1.tlog
D:\vs程序\vs2010\第11章\摄像机标定-opencv论坛\opencv\Debug\mt.write.1.tlog
D:\vs程序\vs2010\第11章\摄像机标定-opencv论坛\opencv\Debug\opencv_manifest.rc
D:\vs程序\vs2010\第11章\摄像机标定-opencv论坛\opencv\Debug\rc.command.1.tlog
D:\vs程序\vs2010\第11章\摄像机标定-opencv论坛\opencv\Debug\rc.read.1.tlog
D:\vs程序\vs2010\第11章\摄像机标定-opencv论坛\opencv\Debug\rc.write.1.tlog
D:\vs程序\vs2010\第11章\摄像机标定-opencv论坛\opencv\Debug\vc100.idb
D:\VS程序\VS2010\第十一章\摄像机标定-OPENCV论坛\DEBUG\OPENCV.EXE
D:\VS程序\VS2010\第十一章\摄像机标定-OPENCV论坛\DEBUG\OPENCV.ILK
D:\VS程序\VS2010\第十一章\摄像机标定-OPENCV论坛\DEBUG\OPENCV.PDB
D:\VS程序\VS2010\第十一章\摄像机标定-OPENCV论坛\OPENCV\DEBUG\OPENCV.EXE.EMBED.MANIFEST
D:\VS程序\VS2010\第十一章\摄像机标定-OPENCV论坛\OPENCV\DEBUG\OPENCV.EXE.EMBED.MANIFEST.RES
D:\VS程序\VS2010\第十一章\摄像机标定-OPENCV论坛\OPENCV\DEBUG\OPENCV.EXE.INTERMEDIATE.MANIFEST
D:\VS程序\VS2010\第十一章\摄像机标定-OPENCV论坛\OPENCV\DEBUG\OPENCV.OBJ
D:\VS程序\VS2010\第十一章\摄像机标定-OPENCV论坛\OPENCV\DEBUG\OPENCV.PCH
D:\VS程序\VS2010\第十一章\摄像机标定-OPENCV论坛\OPENCV\DEBUG\STDAFX.OBJ
D:\VS程序\VS2010\第十一章\摄像机标定-OPENCV论坛\OPENCV\DEBUG\VC100.PDB
